2024-07-11T14:13:30.250+08:00  INFO 25300 --- [main] o.n.c.b.BookingServiceApplication        : Starting BookingServiceApplication using Java 17.0.11 with PID 25300 (C:\Users\ryuu\Desktop\SWS3004_Project\microservices\bookingService\target\classes started by ryuu in C:\Users\ryuu\Desktop\SWS3004_Project)
2024-07-11T14:13:30.253+08:00  INFO 25300 --- [main] o.n.c.b.BookingServiceApplication        : No active profile set, falling back to 1 default profile: "default"
2024-07-11T14:13:31.522+08:00  INFO 25300 --- [main] o.s.b.w.embedded.tomcat.TomcatWebServer  : Tomcat initialized with port 25567 (http)
2024-07-11T14:13:31.536+08:00  INFO 25300 --- [main] o.apache.catalina.core.StandardService   : Starting service [Tomcat]
2024-07-11T14:13:31.536+08:00  INFO 25300 --- [main] o.apache.catalina.core.StandardEngine    : Starting Servlet engine: [Apache Tomcat/10.1.25]
2024-07-11T14:13:31.609+08:00  INFO 25300 --- [main] o.a.c.c.C.[Tomcat].[localhost].[/]       : Initializing Spring embedded WebApplicationContext
2024-07-11T14:13:31.609+08:00  INFO 25300 --- [main] w.s.c.ServletWebServerApplicationContext : Root WebApplicationContext: initialization completed in 1301 ms
2024-07-11T14:13:32.278+08:00  WARN 25300 --- [main] c.b.m.core.metadata.TableInfoHelper      : Can not find table primary key in Class: "org.nus.cloud.bookingService.entity.Seat".
2024-07-11T14:13:32.278+08:00  WARN 25300 --- [main] c.b.m.core.injector.DefaultSqlInjector   : class org.nus.cloud.bookingService.entity.Seat ,Not found @TableId annotation, Cannot use Mybatis-Plus 'xxById' Method.
2024-07-11T14:13:32.778+08:00  INFO 25300 --- [main] o.s.b.w.embedded.tomcat.TomcatWebServer  : Tomcat started on port 25567 (http) with context path ''
2024-07-11T14:13:32.790+08:00  INFO 25300 --- [main] o.n.c.b.BookingServiceApplication        : Started BookingServiceApplication in 3.156 seconds (process running for 3.883)
2024-07-11T14:13:32.794+08:00  INFO 25300 --- [main] o.n.c.b.c.CheckInitializationStatus      : BookingService is running at http://localhost:25567
2024-07-11T14:17:16.860+08:00  INFO 7676 --- [main] o.n.c.b.BookingServiceApplication        : Starting BookingServiceApplication using Java 17.0.11 with PID 7676 (C:\Users\ryuu\Desktop\SWS3004_Project\microservices\bookingService\target\classes started by ryuu in C:\Users\ryuu\Desktop\SWS3004_Project)
2024-07-11T14:17:16.863+08:00  INFO 7676 --- [main] o.n.c.b.BookingServiceApplication        : No active profile set, falling back to 1 default profile: "default"
2024-07-11T14:17:18.154+08:00  INFO 7676 --- [main] o.s.b.w.embedded.tomcat.TomcatWebServer  : Tomcat initialized with port 25567 (http)
2024-07-11T14:17:18.167+08:00  INFO 7676 --- [main] o.apache.catalina.core.StandardService   : Starting service [Tomcat]
2024-07-11T14:17:18.168+08:00  INFO 7676 --- [main] o.apache.catalina.core.StandardEngine    : Starting Servlet engine: [Apache Tomcat/10.1.25]
2024-07-11T14:17:18.234+08:00  INFO 7676 --- [main] o.a.c.c.C.[Tomcat].[localhost].[/]       : Initializing Spring embedded WebApplicationContext
2024-07-11T14:17:18.235+08:00  INFO 7676 --- [main] w.s.c.ServletWebServerApplicationContext : Root WebApplicationContext: initialization completed in 1315 ms
2024-07-11T14:17:18.936+08:00  WARN 7676 --- [main] c.b.m.core.metadata.TableInfoHelper      : Can not find table primary key in Class: "org.nus.cloud.bookingService.entity.Seat".
2024-07-11T14:17:18.937+08:00  WARN 7676 --- [main] c.b.m.core.injector.DefaultSqlInjector   : class org.nus.cloud.bookingService.entity.Seat ,Not found @TableId annotation, Cannot use Mybatis-Plus 'xxById' Method.
2024-07-11T14:17:19.493+08:00  INFO 7676 --- [main] o.s.b.w.embedded.tomcat.TomcatWebServer  : Tomcat started on port 25567 (http) with context path ''
2024-07-11T14:17:19.508+08:00  INFO 7676 --- [main] o.n.c.b.BookingServiceApplication        : Started BookingServiceApplication in 3.224 seconds (process running for 3.845)
2024-07-11T14:17:19.512+08:00  INFO 7676 --- [main] o.n.c.b.c.CheckInitializationStatus      : BookingService is running at http://localhost:25567
2024-07-11T14:19:03.442+08:00  INFO 7676 --- [http-nio-25567-exec-1] o.a.c.c.C.[Tomcat].[localhost].[/]       : Initializing Spring DispatcherServlet 'dispatcherServlet'
2024-07-11T14:19:03.444+08:00  INFO 7676 --- [http-nio-25567-exec-1] o.s.web.servlet.DispatcherServlet        : Initializing Servlet 'dispatcherServlet'
2024-07-11T14:19:03.446+08:00  INFO 7676 --- [http-nio-25567-exec-1] o.s.web.servlet.DispatcherServlet        : Completed initialization in 2 ms
