2024-07-11T14:13:37.590+08:00  INFO 15976 --- [main] .c.e.EventDetailedDataServiceApplication : Starting EventDetailedDataServiceApplication using Java 17.0.11 with PID 15976 (C:\Users\ryuu\Desktop\SWS3004_Project\microservices\eventDetailedDataService\target\classes started by ryuu in C:\Users\ryuu\Desktop\SWS3004_Project)
2024-07-11T14:13:37.593+08:00  INFO 15976 --- [main] .c.e.EventDetailedDataServiceApplication : No active profile set, falling back to 1 default profile: "default"
2024-07-11T14:13:38.841+08:00  INFO 15976 --- [main] o.s.b.w.embedded.tomcat.TomcatWebServer  : Tomcat initialized with port 25565 (http)
2024-07-11T14:13:38.860+08:00  INFO 15976 --- [main] o.apache.catalina.core.StandardService   : Starting service [Tomcat]
2024-07-11T14:13:38.861+08:00  INFO 15976 --- [main] o.apache.catalina.core.StandardEngine    : Starting Servlet engine: [Apache Tomcat/10.1.25]
2024-07-11T14:13:38.962+08:00  INFO 15976 --- [main] o.a.c.c.C.[Tomcat].[localhost].[/]       : Initializing Spring embedded WebApplicationContext
2024-07-11T14:13:38.963+08:00  INFO 15976 --- [main] w.s.c.ServletWebServerApplicationContext : Root WebApplicationContext: initialization completed in 1314 ms
2024-07-11T14:13:39.699+08:00  WARN 15976 --- [main] c.b.m.core.metadata.TableInfoHelper      : Can not find table primary key in Class: "org.nus.cloud.eventDetailedDataService.entity.Seat".
2024-07-11T14:13:39.700+08:00  WARN 15976 --- [main] c.b.m.core.injector.DefaultSqlInjector   : class org.nus.cloud.eventDetailedDataService.entity.Seat ,Not found @TableId annotation, Cannot use Mybatis-Plus 'xxById' Method.
2024-07-11T14:13:40.197+08:00  INFO 15976 --- [main] o.s.b.w.embedded.tomcat.TomcatWebServer  : Tomcat started on port 25565 (http) with context path ''
2024-07-11T14:13:40.212+08:00  INFO 15976 --- [main] .c.e.EventDetailedDataServiceApplication : Started EventDetailedDataServiceApplication in 3.185 seconds (process running for 3.941)
2024-07-11T14:13:40.216+08:00  INFO 15976 --- [main] o.n.c.e.component.ServerInfo             : EventDetailedDataService is running at http://localhost:25565
2024-07-11T14:17:19.162+08:00  INFO 6944 --- [main] .c.e.EventDetailedDataServiceApplication : Starting EventDetailedDataServiceApplication using Java 17.0.11 with PID 6944 (C:\Users\ryuu\Desktop\SWS3004_Project\microservices\eventDetailedDataService\target\classes started by ryuu in C:\Users\ryuu\Desktop\SWS3004_Project)
2024-07-11T14:17:19.165+08:00  INFO 6944 --- [main] .c.e.EventDetailedDataServiceApplication : No active profile set, falling back to 1 default profile: "default"
2024-07-11T14:17:20.449+08:00  INFO 6944 --- [main] o.s.b.w.embedded.tomcat.TomcatWebServer  : Tomcat initialized with port 25565 (http)
2024-07-11T14:17:20.462+08:00  INFO 6944 --- [main] o.apache.catalina.core.StandardService   : Starting service [Tomcat]
2024-07-11T14:17:20.462+08:00  INFO 6944 --- [main] o.apache.catalina.core.StandardEngine    : Starting Servlet engine: [Apache Tomcat/10.1.25]
2024-07-11T14:17:20.524+08:00  INFO 6944 --- [main] o.a.c.c.C.[Tomcat].[localhost].[/]       : Initializing Spring embedded WebApplicationContext
2024-07-11T14:17:20.525+08:00  INFO 6944 --- [main] w.s.c.ServletWebServerApplicationContext : Root WebApplicationContext: initialization completed in 1303 ms
2024-07-11T14:17:21.353+08:00  WARN 6944 --- [main] c.b.m.core.metadata.TableInfoHelper      : Can not find table primary key in Class: "org.nus.cloud.eventDetailedDataService.entity.Seat".
2024-07-11T14:17:21.354+08:00  WARN 6944 --- [main] c.b.m.core.injector.DefaultSqlInjector   : class org.nus.cloud.eventDetailedDataService.entity.Seat ,Not found @TableId annotation, Cannot use Mybatis-Plus 'xxById' Method.
2024-07-11T14:17:21.901+08:00  INFO 6944 --- [main] o.s.b.w.embedded.tomcat.TomcatWebServer  : Tomcat started on port 25565 (http) with context path ''
2024-07-11T14:17:21.917+08:00  INFO 6944 --- [main] .c.e.EventDetailedDataServiceApplication : Started EventDetailedDataServiceApplication in 3.353 seconds (process running for 4.011)
2024-07-11T14:17:21.920+08:00  INFO 6944 --- [main] o.n.c.e.component.ServerInfo             : EventDetailedDataService is running at http://localhost:25565
