2024-07-11T14:13:52.828+08:00  INFO 13972 --- [main] o.n.c.e.EventPublishServiceApplication   : Starting EventPublishServiceApplication using Java 17.0.11 with PID 13972 (C:\Users\ryuu\Desktop\SWS3004_Project\microservices\eventPublishService\target\classes started by ryuu in C:\Users\ryuu\Desktop\SWS3004_Project)
2024-07-11T14:13:52.831+08:00  INFO 13972 --- [main] o.n.c.e.EventPublishServiceApplication   : No active profile set, falling back to 1 default profile: "default"
2024-07-11T14:13:54.039+08:00  INFO 13972 --- [main] o.s.b.w.embedded.tomcat.TomcatWebServer  : Tomcat initialized with port 25564 (http)
2024-07-11T14:13:54.055+08:00  INFO 13972 --- [main] o.apache.catalina.core.StandardService   : Starting service [Tomcat]
2024-07-11T14:13:54.056+08:00  INFO 13972 --- [main] o.apache.catalina.core.StandardEngine    : Starting Servlet engine: [Apache Tomcat/10.1.25]
2024-07-11T14:13:54.132+08:00  INFO 13972 --- [main] o.a.c.c.C.[Tomcat].[localhost].[/]       : Initializing Spring embedded WebApplicationContext
2024-07-11T14:13:54.133+08:00  INFO 13972 --- [main] w.s.c.ServletWebServerApplicationContext : Root WebApplicationContext: initialization completed in 1246 ms
2024-07-11T14:13:54.776+08:00  WARN 13972 --- [main] c.b.m.core.metadata.TableInfoHelper      : Can not find table primary key in Class: "org.nus.cloud.eventPublishService.entity.SeatTemplate".
2024-07-11T14:13:54.777+08:00  WARN 13972 --- [main] c.b.m.core.injector.DefaultSqlInjector   : class org.nus.cloud.eventPublishService.entity.SeatTemplate ,Not found @TableId annotation, Cannot use Mybatis-Plus 'xxById' Method.
2024-07-11T14:13:54.830+08:00  WARN 13972 --- [main] c.b.m.core.metadata.TableInfoHelper      : Can not find table primary key in Class: "org.nus.cloud.eventPublishService.entity.Seat".
2024-07-11T14:13:54.830+08:00  WARN 13972 --- [main] c.b.m.core.injector.DefaultSqlInjector   : class org.nus.cloud.eventPublishService.entity.Seat ,Not found @TableId annotation, Cannot use Mybatis-Plus 'xxById' Method.
2024-07-11T14:13:55.333+08:00  INFO 13972 --- [main] o.s.b.w.embedded.tomcat.TomcatWebServer  : Tomcat started on port 25564 (http) with context path ''
2024-07-11T14:13:55.345+08:00  INFO 13972 --- [main] o.n.c.e.EventPublishServiceApplication   : Started EventPublishServiceApplication in 3.058 seconds (process running for 3.811)
2024-07-11T14:13:55.348+08:00  INFO 13972 --- [main] o.n.c.e.c.CheckInitializationStatus      : EventPublishService is running at http://localhost:25564
2024-07-11T14:17:24.861+08:00  INFO 23300 --- [main] o.n.c.e.EventPublishServiceApplication   : Starting EventPublishServiceApplication using Java 17.0.11 with PID 23300 (C:\Users\ryuu\Desktop\SWS3004_Project\microservices\eventPublishService\target\classes started by ryuu in C:\Users\ryuu\Desktop\SWS3004_Project)
2024-07-11T14:17:24.864+08:00  INFO 23300 --- [main] o.n.c.e.EventPublishServiceApplication   : No active profile set, falling back to 1 default profile: "default"
2024-07-11T14:17:26.216+08:00  INFO 23300 --- [main] o.s.b.w.embedded.tomcat.TomcatWebServer  : Tomcat initialized with port 25564 (http)
2024-07-11T14:17:26.232+08:00  INFO 23300 --- [main] o.apache.catalina.core.StandardService   : Starting service [Tomcat]
2024-07-11T14:17:26.233+08:00  INFO 23300 --- [main] o.apache.catalina.core.StandardEngine    : Starting Servlet engine: [Apache Tomcat/10.1.25]
2024-07-11T14:17:26.296+08:00  INFO 23300 --- [main] o.a.c.c.C.[Tomcat].[localhost].[/]       : Initializing Spring embedded WebApplicationContext
2024-07-11T14:17:26.297+08:00  INFO 23300 --- [main] w.s.c.ServletWebServerApplicationContext : Root WebApplicationContext: initialization completed in 1376 ms
2024-07-11T14:17:26.965+08:00  WARN 23300 --- [main] c.b.m.core.metadata.TableInfoHelper      : Can not find table primary key in Class: "org.nus.cloud.eventPublishService.entity.SeatTemplate".
2024-07-11T14:17:26.966+08:00  WARN 23300 --- [main] c.b.m.core.injector.DefaultSqlInjector   : class org.nus.cloud.eventPublishService.entity.SeatTemplate ,Not found @TableId annotation, Cannot use Mybatis-Plus 'xxById' Method.
2024-07-11T14:17:27.025+08:00  WARN 23300 --- [main] c.b.m.core.metadata.TableInfoHelper      : Can not find table primary key in Class: "org.nus.cloud.eventPublishService.entity.Seat".
2024-07-11T14:17:27.026+08:00  WARN 23300 --- [main] c.b.m.core.injector.DefaultSqlInjector   : class org.nus.cloud.eventPublishService.entity.Seat ,Not found @TableId annotation, Cannot use Mybatis-Plus 'xxById' Method.
2024-07-11T14:17:27.570+08:00  INFO 23300 --- [main] o.s.b.w.embedded.tomcat.TomcatWebServer  : Tomcat started on port 25564 (http) with context path ''
2024-07-11T14:17:27.581+08:00  INFO 23300 --- [main] o.n.c.e.EventPublishServiceApplication   : Started EventPublishServiceApplication in 3.323 seconds (process running for 3.952)
2024-07-11T14:17:27.584+08:00  INFO 23300 --- [main] o.n.c.e.c.CheckInitializationStatus      : EventPublishService is running at http://localhost:25564
