2024-07-11T14:14:22.494+08:00  INFO 5860 --- [main] .c.t.TokenVerificationServiceApplication : Starting TokenVerificationServiceApplication using Java 17.0.11 with PID 5860 (C:\Users\ryuu\Desktop\SWS3004_Project\microservices\tokenVerificationService\target\classes started by ryuu in C:\Users\ryuu\Desktop\SWS3004_Project)
2024-07-11T14:14:22.497+08:00  INFO 5860 --- [main] .c.t.TokenVerificationServiceApplication : No active profile set, falling back to 1 default profile: "default"
2024-07-11T14:14:23.169+08:00  INFO 5860 --- [main] .s.d.r.c.RepositoryConfigurationDelegate : Multiple Spring Data modules found, entering strict repository configuration mode
2024-07-11T14:14:23.172+08:00  INFO 5860 --- [main] .s.d.r.c.RepositoryConfigurationDelegate : Bootstrapping Spring Data Redis repositories in DEFAULT mode.
2024-07-11T14:14:23.203+08:00  INFO 5860 --- [main] .s.d.r.c.RepositoryConfigurationDelegate : Finished Spring Data repository scanning in 15 ms. Found 0 Redis repository interfaces.
2024-07-11T14:14:23.702+08:00  INFO 5860 --- [main] o.s.b.w.embedded.tomcat.TomcatWebServer  : Tomcat initialized with port 25562 (http)
2024-07-11T14:14:23.715+08:00  INFO 5860 --- [main] o.apache.catalina.core.StandardService   : Starting service [Tomcat]
2024-07-11T14:14:23.716+08:00  INFO 5860 --- [main] o.apache.catalina.core.StandardEngine    : Starting Servlet engine: [Apache Tomcat/10.1.25]
2024-07-11T14:14:23.789+08:00  INFO 5860 --- [main] o.a.c.c.C.[Tomcat].[localhost].[/]       : Initializing Spring embedded WebApplicationContext
2024-07-11T14:14:23.790+08:00  INFO 5860 --- [main] w.s.c.ServletWebServerApplicationContext : Root WebApplicationContext: initialization completed in 1242 ms
2024-07-11T14:14:24.809+08:00  INFO 5860 --- [main] o.s.b.w.embedded.tomcat.TomcatWebServer  : Tomcat started on port 25562 (http) with context path ''
2024-07-11T14:14:24.821+08:00  INFO 5860 --- [main] .c.t.TokenVerificationServiceApplication : Started TokenVerificationServiceApplication in 2.893 seconds (process running for 3.609)
2024-07-11T14:14:24.824+08:00  INFO 5860 --- [main] o.n.c.t.component.ServerInfo             : TokenVerificationService is running at http://localhost:25562
2024-07-11T14:17:36.431+08:00  INFO 27120 --- [main] .c.t.TokenVerificationServiceApplication : Starting TokenVerificationServiceApplication using Java 17.0.11 with PID 27120 (C:\Users\ryuu\Desktop\SWS3004_Project\microservices\tokenVerificationService\target\classes started by ryuu in C:\Users\ryuu\Desktop\SWS3004_Project)
2024-07-11T14:17:36.434+08:00  INFO 27120 --- [main] .c.t.TokenVerificationServiceApplication : No active profile set, falling back to 1 default profile: "default"
2024-07-11T14:17:37.068+08:00  INFO 27120 --- [main] .s.d.r.c.RepositoryConfigurationDelegate : Multiple Spring Data modules found, entering strict repository configuration mode
2024-07-11T14:17:37.071+08:00  INFO 27120 --- [main] .s.d.r.c.RepositoryConfigurationDelegate : Bootstrapping Spring Data Redis repositories in DEFAULT mode.
2024-07-11T14:17:37.102+08:00  INFO 27120 --- [main] .s.d.r.c.RepositoryConfigurationDelegate : Finished Spring Data repository scanning in 15 ms. Found 0 Redis repository interfaces.
2024-07-11T14:17:37.606+08:00  INFO 27120 --- [main] o.s.b.w.embedded.tomcat.TomcatWebServer  : Tomcat initialized with port 25562 (http)
2024-07-11T14:17:37.622+08:00  INFO 27120 --- [main] o.apache.catalina.core.StandardService   : Starting service [Tomcat]
2024-07-11T14:17:37.623+08:00  INFO 27120 --- [main] o.apache.catalina.core.StandardEngine    : Starting Servlet engine: [Apache Tomcat/10.1.25]
2024-07-11T14:17:37.691+08:00  INFO 27120 --- [main] o.a.c.c.C.[Tomcat].[localhost].[/]       : Initializing Spring embedded WebApplicationContext
2024-07-11T14:17:37.692+08:00  INFO 27120 --- [main] w.s.c.ServletWebServerApplicationContext : Root WebApplicationContext: initialization completed in 1212 ms
2024-07-11T14:17:38.553+08:00  INFO 27120 --- [main] o.s.b.w.embedded.tomcat.TomcatWebServer  : Tomcat started on port 25562 (http) with context path ''
2024-07-11T14:17:38.564+08:00  INFO 27120 --- [main] .c.t.TokenVerificationServiceApplication : Started TokenVerificationServiceApplication in 2.709 seconds (process running for 3.36)
2024-07-11T14:17:38.567+08:00  INFO 27120 --- [main] o.n.c.t.component.ServerInfo             : TokenVerificationService is running at http://localhost:25562
2024-07-11T14:18:27.549+08:00  INFO 27120 --- [http-nio-25562-exec-1] o.a.c.c.C.[Tomcat].[localhost].[/]       : Initializing Spring DispatcherServlet 'dispatcherServlet'
2024-07-11T14:18:27.549+08:00  INFO 27120 --- [http-nio-25562-exec-1] o.s.web.servlet.DispatcherServlet        : Initializing Servlet 'dispatcherServlet'
2024-07-11T14:18:27.551+08:00  INFO 27120 --- [http-nio-25562-exec-1] o.s.web.servlet.DispatcherServlet        : Completed initialization in 2 ms
